0 info it worked if it ends with ok
1 verbose cli [ 'node',
1 verbose cli   '/usr/local/bin/npm',
1 verbose cli   'install',
1 verbose cli   '--save-dev',
1 verbose cli   'grunt-add',
1 verbose cli   'grunt-.' ]
2 info using npm@1.3.11
3 info using node@v0.10.20
4 warn package.json isprogressiveenhancementstillimportant.com@0.0.1 No repository field.
5 verbose readDependencies using package.json deps
6 verbose cache add [ 'grunt-add', null ]
7 verbose cache add name=undefined spec="grunt-add" args=["grunt-add",null]
8 verbose parsed url { protocol: null,
8 verbose parsed url   slashes: null,
8 verbose parsed url   auth: null,
8 verbose parsed url   host: null,
8 verbose parsed url   port: null,
8 verbose parsed url   hostname: null,
8 verbose parsed url   hash: null,
8 verbose parsed url   search: null,
8 verbose parsed url   query: null,
8 verbose parsed url   pathname: 'grunt-add',
8 verbose parsed url   path: 'grunt-add',
8 verbose parsed url   href: 'grunt-add' }
9 verbose cache add [ 'grunt-.', null ]
10 verbose cache add name=undefined spec="grunt-." args=["grunt-.",null]
11 verbose parsed url { protocol: null,
11 verbose parsed url   slashes: null,
11 verbose parsed url   auth: null,
11 verbose parsed url   host: null,
11 verbose parsed url   port: null,
11 verbose parsed url   hostname: null,
11 verbose parsed url   hash: null,
11 verbose parsed url   search: null,
11 verbose parsed url   query: null,
11 verbose parsed url   pathname: 'grunt-.',
11 verbose parsed url   path: 'grunt-.',
11 verbose parsed url   href: 'grunt-.' }
12 silly lockFile dab63054-grunt-add grunt-add
13 verbose lock grunt-add /Users/philha/.npm/dab63054-grunt-add.lock
14 silly lockFile 333ebecd-grunt grunt-.
15 verbose lock grunt-. /Users/philha/.npm/333ebecd-grunt.lock
16 silly lockFile dab63054-grunt-add grunt-add
17 silly lockFile dab63054-grunt-add grunt-add
18 silly lockFile 333ebecd-grunt grunt-.
19 silly lockFile 333ebecd-grunt grunt-.
20 verbose addNamed [ 'grunt-add', '' ]
21 verbose addNamed [ null, '*' ]
22 silly lockFile 87f743dc-grunt-add grunt-add@
23 verbose lock grunt-add@ /Users/philha/.npm/87f743dc-grunt-add.lock
24 verbose addNamed [ 'grunt-.', '' ]
25 verbose addNamed [ null, '*' ]
26 silly lockFile f8807ba4-grunt grunt-.@
27 verbose lock grunt-.@ /Users/philha/.npm/f8807ba4-grunt.lock
28 silly addNameRange { name: 'grunt-add', range: '*', hasData: false }
29 silly addNameRange { name: 'grunt-.', range: '*', hasData: false }
30 verbose url raw grunt-add
31 verbose url resolving [ 'https://registry.npmjs.org/', './grunt-add' ]
32 verbose url resolved https://registry.npmjs.org/grunt-add
33 info trying registry request attempt 1 at 13:43:01
34 http GET https://registry.npmjs.org/grunt-add
35 verbose url raw grunt-.
36 verbose url resolving [ 'https://registry.npmjs.org/', './grunt-.' ]
37 verbose url resolved https://registry.npmjs.org/grunt-.
38 info trying registry request attempt 1 at 13:43:01
39 http GET https://registry.npmjs.org/grunt-.
40 http 404 https://registry.npmjs.org/grunt-add
41 silly registry.get cb [ 404,
41 silly registry.get   { date: 'Sun, 01 Jun 2014 12:43:03 GMT',
41 silly registry.get     server: 'CouchDB/1.5.0 (Erlang OTP/R14B04)',
41 silly registry.get     'content-type': 'application/json',
41 silly registry.get     via: '1.1 varnish',
41 silly registry.get     'cache-control': 'max-age=0',
41 silly registry.get     'content-length': '52',
41 silly registry.get     'accept-ranges': 'bytes',
41 silly registry.get     age: '0',
41 silly registry.get     'x-served-by': 'cache-v44-ASH, cache-fra1224-FRA',
41 silly registry.get     'x-cache': 'MISS, MISS',
41 silly registry.get     'x-cache-hits': '0, 0',
41 silly registry.get     'x-timer': 'S1401626583.328979,VS0,VE99',
41 silly registry.get     'keep-alive': 'timeout=10, max=50',
41 silly registry.get     connection: 'Keep-Alive' } ]
42 silly lockFile 87f743dc-grunt-add grunt-add@
43 silly lockFile 87f743dc-grunt-add grunt-add@
44 error 404 'grunt-add' is not in the npm registry.
44 error 404 You should bug the author to publish it
44 error 404
44 error 404 Note that you can also install from a
44 error 404 tarball, folder, or http url, or git url.
45 error System Darwin 12.5.0
46 error command "node" "/usr/local/bin/npm" "install" "--save-dev" "grunt-add" "grunt-."
47 error cwd /Users/philha/Projects/hawksworx/isprogressiveenhancementstillimportant.com
48 error node -v v0.10.20
49 error npm -v 1.3.11
50 error code E404
51 verbose exit [ 1, true ]
